ComAssistant/build/outputs/logs/manifest-merger-debug-report.txt
-- Merging decision tree log ---
manifest
ADDED from src\main\AndroidManifest.xml:2:1-31:12
	package
		ADDED from src\main\AndroidManifest.xml:3:5-35
		INJECTED from src\main\AndroidManifest.xml
		INJECTED from src\main\AndroidManifest.xml
	android:sharedUserId
		ADDED from src\main\AndroidManifest.xml:4:5-46
	android:versionName
		ADDED from src\main\AndroidManifest.xml:6:5-30
		INJECTED from src\main\AndroidManifest.xml
		INJECTED from src\main\AndroidManifest.xml
	android:versionCode
		ADDED from src\main\AndroidManifest.xml:5:5-28
		INJECTED from src\main\AndroidManifest.xml
		INJECTED from src\main\AndroidManifest.xml
	xmlns:android
		ADDED from src\main\AndroidManifest.xml:2:11-69
application
ADDED from src\main\AndroidManifest.xml:8:5-29:19
	android:label
		ADDED from src\main\AndroidManifest.xml:10:9-41
	android:icon
		ADDED from src\main\AndroidManifest.xml:9:9-43
activity#com.bjw.ComAssistant.ComAssistantActivity
ADDED from src\main\AndroidManifest.xml:11:9-18:20
	android:label
		ADDED from src\main\AndroidManifest.xml:12:13-45
	android:windowSoftInputMode
		ADDED from src\main\AndroidManifest.xml:15:13-72
	android:configChanges
		ADDED from src\main\AndroidManifest.xml:14:13-57
	android:name
		ADDED from src\main\AndroidManifest.xml:13:13-49
activity#com.bjw.ComAssistant.ComTestActivity
ADDED from src\main\AndroidManifest.xml:19:9-26:20
	android:windowSoftInputMode
		ADDED from src\main\AndroidManifest.xml:20:13-72
	android:name
		ADDED from src\main\AndroidManifest.xml:19:19-50
intent-filter#android.intent.action.MAIN+android.intent.category.LAUNCHER
ADDED from src\main\AndroidManifest.xml:21:13-25:29
action#android.intent.action.MAIN
ADDED from src\main\AndroidManifest.xml:22:17-69
	android:name
		ADDED from src\main\AndroidManifest.xml:22:25-66
category#android.intent.category.LAUNCHER
ADDED from src\main\AndroidManifest.xml:24:17-77
	android:name
		ADDED from src\main\AndroidManifest.xml:24:27-74
activity#com.bjw.ComAssistant.TestActivity
ADDED from src\main\AndroidManifest.xml:27:9-28:20
	android:name
		ADDED from src\main\AndroidManifest.xml:27:19-47
uses-sdk
INJECTED from src\main\AndroidManifest.xml reason: use-sdk injection requested
	android:targetSdkVersion
		INJECTED from src\main\AndroidManifest.xml
		INJECTED from src\main\AndroidManifest.xml
	android:minSdkVersion
		INJECTED from src\main\AndroidManifest.xml
		INJECTED from src\main\AndroidManifest.xml